<?xml version="1.0" encoding="UTF-8"?>
<!-- Generated by org.testng.reporters.JUnitReportReporter -->
<testsuite hostname="DESKTOP-1GNU0UT" failures="0" tests="2" name="org.sdet40.practice.TestngPractice" time="0.029" errors="0" timestamp="2022-09-14T17:42:05 IST" skipped="0">
  <testcase classname="org.sdet40.practice.TestngPractice" name="step2" time="0.026"/>
  <system-out/>
  <testcase classname="org.sdet40.practice.TestngPractice" name="step1" time="0.003"/>
  <system-out/>
</testsuite> <!-- org.sdet40.practice.TestngPractice -->
